<?xml version="1.0" encoding="UTF-8"?>
<!-- Generated by org.testng.reporters.JUnitReportReporter -->
<testsuite hostname="DESKTOP-IPOGJPS" name="org.testing.TestCases.TC2" tests="1" failures="0" timestamp="23 Apr 2019 17:14:44 GMT" time="87.897" errors="0">
  <testcase name="SigninSubscription" time="87.897" classname="org.testing.TestCases.TC2"/>
</testsuite> <!-- org.testing.TestCases.TC2 -->
