<?xml version="1.0" encoding="UTF-8"?>
<!-- Generated by org.testng.reporters.JUnitReportReporter -->
<testsuite hostname="DESKTOP-IPOGJPS" name="org.testing.TestCases.TC4" tests="1" failures="0" timestamp="21 Apr 2019 15:42:13 GMT" time="51.871" errors="0">
  <testcase name="SigninVideoSubscribe" time="51.871" classname="org.testing.TestCases.TC4"/>
</testsuite> <!-- org.testing.TestCases.TC4 -->
