<?xml version="1.0" encoding="UTF-8"?>
<!-- Generated by org.testng.reporters.JUnitReportReporter -->
<testsuite hostname="DESKTOP-IPOGJPS" name="org.testing.TestCases.TC3" tests="1" failures="0" timestamp="21 Apr 2019 15:42:13 GMT" time="53.772" errors="0">
  <testcase name="SigninVideoLike" time="53.772" classname="org.testing.TestCases.TC3"/>
</testsuite> <!-- org.testing.TestCases.TC3 -->
