<?xml version="1.0" encoding="UTF-8"?>
<!-- Generated by org.testng.reporters.JUnitReportReporter -->
<testsuite hostname="DESKTOP-IPOGJPS" name="org.testing.TestCases.TC1" tests="1" failures="0" timestamp="23 Apr 2019 17:14:44 GMT" time="92.695" errors="0">
  <testcase name="SigninTrending" time="92.695" classname="org.testing.TestCases.TC1"/>
</testsuite> <!-- org.testing.TestCases.TC1 -->
