<?xml version="1.0" encoding="UTF-8"?>
<!-- Generated by org.testng.reporters.JUnitReportReporter -->
<testsuite hostname="DESKTOP-IPOGJPS" name="org.testing.TestCases.TC1" tests="1" failures="0" timestamp="21 Apr 2019 15:42:13 GMT" time="72.306" errors="0">
  <testcase name="SigninTrending" time="72.306" classname="org.testing.TestCases.TC1"/>
</testsuite> <!-- org.testing.TestCases.TC1 -->
